# JRE version: OpenJDK Runtime Environment Corretto-11.0.8.10.1 (11.0.8+10) (build 11.0.8+10-LTS)
# Java VM: OpenJDK 64-Bit Server VM Corretto-11.0.8.10.1 (11.0.8+10-LTS, mixed mode, tiered, compressed oops, g1 gc, windows-amd64)
Heap:
 garbage-first heap   total 262144K, used 116562K [0x0000000080000000, 0x0000000100000000)
  region size 1024K, 3 young (3072K), 1 survivors (1024K)
 Metaspace       used 130417K, capacity 133726K, committed 134480K, reserved 1167360K
  class space    used 15758K, capacity 16883K, committed 17152K, reserved 1048576K
GC Heap History (20 events):
Event: 11627.872 GC heap before
{Heap before GC invocations=48 (full 0):
 garbage-first heap   total 262144K, used 207184K [0x0000000080000000, 0x0000000100000000)
  region size 1024K, 100 young (102400K), 2 survivors (2048K)
 Metaspace       used 126240K, capacity 130512K, committed 130768K, reserved 1163264K
  class space    used 15556K, capacity 16936K, committed 17024K, reserved 1048576K
}
Event: 11627.895 GC heap after
{Heap after GC invocations=49 (full 0):
 garbage-first heap   total 262144K, used 109362K [0x0000000080000000, 0x0000000100000000)
  region size 1024K, 5 young (5120K), 5 survivors (5120K)
 Metaspace       used 126240K, capacity 130512K, committed 130768K, reserved 1163264K
  class space    used 15556K, capacity 16936K, committed 17024K, reserved 1048576K
}
Event: 16256.027 GC heap before
{Heap before GC invocations=50 (full 0):
 garbage-first heap   total 262144K, used 208690K [0x0000000080000000, 0x0000000100000000)
  region size 1024K, 103 young (105472K), 5 survivors (5120K)
 Metaspace       used 125152K, capacity 128268K, committed 130768K, reserved 1163264K
  class space    used 15304K, capacity 16334K, committed 17024K, reserved 1048576K
}
Event: 16256.041 GC heap after
{Heap after GC invocations=51 (full 0):
 garbage-first heap   total 262144K, used 111729K [0x0000000080000000, 0x0000000100000000)
  region size 1024K, 8 young (8192K), 8 survivors (8192K)
 Metaspace       used 125152K, capacity 128268K, committed 130768K, reserved 1163264K
  class space    used 15304K, capacity 16334K, committed 17024K, reserved 1048576K
}
Event: 16256.128 GC heap before
{Heap before GC invocations=51 (full 0):
 garbage-first heap   total 262144K, used 114801K [0x0000000080000000, 0x0000000100000000)
  region size 1024K, 12 young (12288K), 8 survivors (8192K)
 Metaspace       used 125165K, capacity 128275K, committed 130768K, reserved 1163264K
  class space    used 15305K, capacity 16335K, committed 17024K, reserved 1048576K
}
Event: 16256.188 GC heap after
{Heap after GC invocations=52 (full 0):
 garbage-first heap   total 262144K, used 99321K [0x0000000080000000, 0x0000000100000000)
  region size 1024K, 2 young (2048K), 2 survivors (2048K)
 Metaspace       used 125165K, capacity 128275K, committed 130768K, reserved 1163264K
  class space    used 15305K, capacity 16335K, committed 17024K, reserved 1048576K
}
Event: 16256.694 GC heap before
{Heap before GC invocations=52 (full 0):
 garbage-first heap   total 262144K, used 161785K [0x0000000080000000, 0x0000000100000000)
  region size 1024K, 65 young (66560K), 2 survivors (2048K)
 Metaspace       used 125414K, capacity 128613K, committed 130768K, reserved 1163264K
  class space    used 15323K, capacity 16350K, committed 17024K, reserved 1048576K
}
Event: 16256.709 GC heap after
{Heap after GC invocations=53 (full 0):
 garbage-first heap   total 262144K, used 103035K [0x0000000080000000, 0x0000000100000000)
  region size 1024K, 6 young (6144K), 6 survivors (6144K)
 Metaspace       used 125414K, capacity 128613K, committed 130768K, reserved 1163264K
  class space    used 15323K, capacity 16350K, committed 17024K, reserved 1048576K
}
Event: 16258.497 GC heap before
{Heap before GC invocations=54 (full 0):
 garbage-first heap   total 262144K, used 220795K [0x0000000080000000, 0x0000000100000000)
  region size 1024K, 109 young (111616K), 6 survivors (6144K)
 Metaspace       used 128519K, capacity 131822K, committed 133072K, reserved 1165312K
  class space    used 15619K, capacity 16720K, committed 17024K, reserved 1048576K
}
Event: 16258.518 GC heap after
{Heap after GC invocations=55 (full 0):
 garbage-first heap   total 262144K, used 121923K [0x0000000080000000, 0x0000000100000000)
  region size 1024K, 14 young (14336K), 14 survivors (14336K)
 Metaspace       used 128519K, capacity 131822K, committed 133072K, reserved 1165312K
  class space    used 15619K, capacity 16720K, committed 17024K, reserved 1048576K
}
Event: 16258.524 GC heap before
{Heap before GC invocations=55 (full 0):
 garbage-first heap   total 262144K, used 122947K [0x0000000080000000, 0x0000000100000000)
  region size 1024K, 15 young (15360K), 14 survivors (14336K)
 Metaspace       used 128529K, capacity 131828K, committed 133072K, reserved 1165312K
  class space    used 15619K, capacity 16721K, committed 17024K, reserved 1048576K
}
Event: 16258.545 GC heap after
{Heap after GC invocations=56 (full 0):
 garbage-first heap   total 262144K, used 114194K [0x0000000080000000, 0x0000000100000000)
  region size 1024K, 2 young (2048K), 2 survivors (2048K)
 Metaspace       used 128529K, capacity 131828K, committed 133072K, reserved 1165312K
  class space    used 15619K, capacity 16721K, committed 17024K, reserved 1048576K
}
Event: 16260.390 GC heap before
{Heap before GC invocations=56 (full 0):
 garbage-first heap   total 262144K, used 205330K [0x0000000080000000, 0x0000000100000000)
  region size 1024K, 92 young (94208K), 2 survivors (2048K)
 Metaspace       used 128772K, capacity 132104K, committed 133072K, reserved 1165312K
  class space    used 15640K, capacity 16759K, committed 17024K, reserved 1048576K
}
Event: 16260.404 GC heap after
{Heap after GC invocations=57 (full 0):
 garbage-first heap   total 262144K, used 115132K [0x0000000080000000, 0x0000000100000000)
  region size 1024K, 3 young (3072K), 3 survivors (3072K)
 Metaspace       used 128772K, capacity 132104K, committed 133072K, reserved 1165312K
  class space    used 15640K, capacity 16759K, committed 17024K, reserved 1048576K
}
Event: 16261.234 GC heap before
{Heap before GC invocations=58 (full 0):
 garbage-first heap   total 262144K, used 207292K [0x0000000080000000, 0x0000000100000000)
  region size 1024K, 96 young (98304K), 3 survivors (3072K)
 Metaspace       used 128850K, capacity 132091K, committed 133072K, reserved 1165312K
  class space    used 15630K, capacity 16731K, committed 17024K, reserved 1048576K
}
Event: 16261.247 GC heap after
{Heap after GC invocations=59 (full 0):
 garbage-first heap   total 262144K, used 117600K [0x0000000080000000, 0x0000000100000000)
  region size 1024K, 8 young (8192K), 8 survivors (8192K)
 Metaspace       used 128850K, capacity 132091K, committed 133072K, reserved 1165312K
  class space    used 15630K, capacity 16731K, committed 17024K, reserved 1048576K
}
Event: 16261.381 GC heap before
{Heap before GC invocations=59 (full 0):
 garbage-first heap   total 262144K, used 121696K [0x0000000080000000, 0x0000000100000000)
  region size 1024K, 12 young (12288K), 8 survivors (8192K)
 Metaspace       used 128873K, capacity 132156K, committed 133072K, reserved 1165312K
  class space    used 15630K, capacity 16731K, committed 17024K, reserved 1048576K
}
Event: 16261.394 GC heap after
{Heap after GC invocations=60 (full 0):
 garbage-first heap   total 262144K, used 106323K [0x0000000080000000, 0x0000000100000000)
  region size 1024K, 2 young (2048K), 2 survivors (2048K)
 Metaspace       used 128873K, capacity 132156K, committed 133072K, reserved 1165312K
  class space    used 15630K, capacity 16731K, committed 17024K, reserved 1048576K
}
Event: 16261.776 GC heap before
{Heap before GC invocations=60 (full 0):
 garbage-first heap   total 262144K, used 142163K [0x0000000080000000, 0x0000000100000000)
  region size 1024K, 38 young (38912K), 2 survivors (2048K)
 Metaspace       used 129233K, capacity 132524K, committed 133328K, reserved 1165312K
  class space    used 15664K, capacity 16780K, committed 17024K, reserved 1048576K
}
Event: 16261.788 GC heap after
{Heap after GC invocations=61 (full 0):
 garbage-first heap   total 262144K, used 109481K [0x0000000080000000, 0x0000000100000000)
  region size 1024K, 5 young (5120K), 5 survivors (5120K)
 Metaspace       used 129233K, capacity 132524K, committed 133328K, reserved 1165312K
  class space    used 15664K, capacity 16780K, committed 17024K, reserved 1048576K
}

